2026-02-11T17:18:35.9944978Z Container start method called.
2026-02-11T17:18:36.0074590Z Establishing network.
2026-02-11T17:18:36.0081002Z Pulling image: appsvc/dotnetcore:8.0_20260115.4.tuxprod.
2026-02-11T17:18:37.1996142Z Container is starting.
2026-02-11T17:18:37.1998720Z Establishing user namespace if not established already.
2026-02-11T17:18:37.2000269Z Establishing network if not established already.
2026-02-11T17:18:37.2001609Z Mounting volumes.
2026-02-11T17:18:37.2282398Z Nested mountpoint 
2026-02-11T17:18:37.2834521Z Nested mountpoint volatile/logs
2026-02-11T17:18:37.3411701Z Nested mountpoint 
2026-02-11T17:18:37.4355636Z Nested mountpoint 
2026-02-11T17:18:37.4728691Z Nested mountpoint 
2026-02-11T17:18:37.8689531Z Creating container.
2026-02-11T17:18:37.8696858Z Creating pipes for streaming container io.
2026-02-11T17:18:37.8698869Z Creating stdout named pipe at /podr/container/pipe/cd8a6ed331b8_cpuspiker-central-test/stdout_a184667590784dbcba1dfe39465c8813.
2026-02-11T17:18:37.9320662Z Successfully created stdout named pipe at: /podr/container/pipe/cd8a6ed331b8_cpuspiker-central-test/stdout_a184667590784dbcba1dfe39465c8813.
2026-02-11T17:18:37.9416059Z Opening named pipe /podr/container/pipe/cd8a6ed331b8_cpuspiker-central-test/stdout_a184667590784dbcba1dfe39465c8813 for reading in non-blocking mode.
2026-02-11T17:18:37.9441870Z Successfully opened named pipe: /podr/container/pipe/cd8a6ed331b8_cpuspiker-central-test/stdout_a184667590784dbcba1dfe39465c8813.
2026-02-11T17:18:37.9446209Z Successfully removed non-blocking flag from /podr/container/pipe/cd8a6ed331b8_cpuspiker-central-test/stdout_a184667590784dbcba1dfe39465c8813.
2026-02-11T17:18:37.9502968Z Creating stderr named pipe at /podr/container/pipe/cd8a6ed331b8_cpuspiker-central-test/stderr_0ff56561d68644ba86ebbcc55eacb077.
2026-02-11T17:18:37.9520292Z Successfully created stderr named pipe at: /podr/container/pipe/cd8a6ed331b8_cpuspiker-central-test/stderr_0ff56561d68644ba86ebbcc55eacb077.
2026-02-11T17:18:37.9567376Z Opening named pipe /podr/container/pipe/cd8a6ed331b8_cpuspiker-central-test/stderr_0ff56561d68644ba86ebbcc55eacb077 for reading in non-blocking mode.
2026-02-11T17:18:37.9571288Z Successfully opened named pipe: /podr/container/pipe/cd8a6ed331b8_cpuspiker-central-test/stderr_0ff56561d68644ba86ebbcc55eacb077.
2026-02-11T17:18:37.9573385Z Successfully removed non-blocking flag from /podr/container/pipe/cd8a6ed331b8_cpuspiker-central-test/stderr_0ff56561d68644ba86ebbcc55eacb077.
2026-02-11T17:18:37.9575302Z Creating container with image: appsvc/dotnetcore:8.0_20260115.4.tuxprod from registry: 10.1.0.4:13209 and fully qualified image name: 10.1.0.4:13209/appsvc/dotnetcore:8.0_20260115.4.tuxprod
2026-02-11T17:18:40.0577708Z Starting container: cd8a6ed331b8_cpuspiker-central-test.
2026-02-11T17:18:40.1150983Z Starting watchers and probes.
2026-02-11T17:18:40.1197351Z Starting metrics collection.
2026-02-11T17:18:40.1203176Z Container is running.
2026-02-11T17:18:40.3371936Z Container start method finished after 4340 ms.
2026-02-11T17:19:00.7141283Z Container has finished running with exit code: 150.
2026-02-11T17:19:00.7172966Z Container is terminating. Grace period: 5 seconds.
2026-02-11T17:19:00.7204432Z Stop and delete container. Retry count = 0
2026-02-11T17:19:00.7222021Z Stopping container: cd8a6ed331b8_cpuspiker-central-test.
2026-02-11T17:19:00.8021564Z Deleting container: cd8a6ed331b8_cpuspiker-central-test. Retry count = 0
2026-02-11T17:19:01.5505105Z Container spec TerminationMessagePolicy  path 
2026-02-11T17:19:01.5519640Z Container is terminated. Total time elapsed: 834 ms.
2026-02-11T17:19:01.5524700Z Site container: cpuspiker-central-test terminated during site startup.
2026-02-11T17:19:01.6079381Z Site startup probe failed after 21.2324049 seconds.
2026-02-11T17:19:02.1380608Z Failed to start site. Revert by stopping site.
2026-02-11T17:19:02.1663396Z Site: cpuspiker-central-test stopped.
2026-02-11T17:19:16.190Z INFO  - 8.0_20260115.4.tuxprod Pulling from appsvc/dotnetcore
2026-02-11T17:19:16.431Z INFO  - 8e44f01296e3 Pulling fs layer
2026-02-11T17:19:16.485Z INFO  - 1839f14167bb Pulling fs layer
2026-02-11T17:19:16.486Z INFO  - 5df9ab85f942 Pulling fs layer
2026-02-11T17:19:16.486Z INFO  - 3c6fd82648a9 Pulling fs layer
2026-02-11T17:19:16.486Z INFO  - f7436306daf8 Pulling fs layer
2026-02-11T17:19:16.486Z INFO  - 0af27227f67c Pulling fs layer
2026-02-11T17:19:16.488Z INFO  - 291bf06076f7 Pulling fs layer
2026-02-11T17:19:16.491Z INFO  - f67700692125 Pulling fs layer
2026-02-11T17:19:16.491Z INFO  - f79c4ca4b6cc Pulling fs layer
2026-02-11T17:19:16.511Z INFO  - 3722c1c74e62 Pulling fs layer
2026-02-11T17:19:16.511Z INFO  - 71bdaa4ffb8a Pulling fs layer
2026-02-11T17:19:16.512Z INFO  - da542cee6e98 Pulling fs layer
2026-02-11T17:19:16.512Z INFO  - 4e2ecf3b5226 Pulling fs layer
2026-02-11T17:19:16.512Z INFO  - 84ebb4173df8 Pulling fs layer
2026-02-11T17:19:16.513Z INFO  - 8e44f01296e3 Downloading 593KB / 26MB
2026-02-11T17:19:16.557Z INFO  - 44ae3f74e2fe Pulling fs layer
2026-02-11T17:19:16.568Z INFO  - 194a6d0bfa51 Pulling fs layer
2026-02-11T17:19:16.568Z INFO  - 4f4fb700ef54 Pulling fs layer
2026-02-11T17:19:16.568Z INFO  - bfdc87311970 Pulling fs layer
2026-02-11T17:19:16.568Z INFO  - d400aaf4cc44 Pulling fs layer
2026-02-11T17:19:16.568Z INFO  - 8ebbfed6fb44 Pulling fs layer
2026-02-11T17:19:16.568Z INFO  - 394bf2f8883d Pulling fs layer
2026-02-11T17:19:16.568Z INFO  - b36da0e916e2 Pulling fs layer
2026-02-11T17:19:16.568Z INFO  - ca65aad4858a Pulling fs layer
2026-02-11T17:19:16.568Z INFO  - 12086ac4e888 Pulling fs layer
2026-02-11T17:19:16.568Z INFO  - 43cc945ef4b6 Pulling fs layer
2026-02-11T17:19:16.568Z INFO  - c5c0b99442f8 Pulling fs layer
2026-02-11T17:19:16.587Z INFO  - 56eba6764334 Pulling fs layer
2026-02-11T17:19:16.587Z INFO  - 080c8964ee60 Pulling fs layer
2026-02-11T17:19:16.587Z INFO  - d3348af14fdc Pulling fs layer
2026-02-11T17:19:16.588Z INFO  - c505e436da9b Pulling fs layer
2026-02-11T17:19:16.589Z INFO  - 0567c6094ddd Pulling fs layer
2026-02-11T17:19:16.604Z INFO  - b61067cb0514 Pulling fs layer
2026-02-11T17:19:16.604Z INFO  - a79bbcb25c76 Pulling fs layer
2026-02-11T17:19:16.605Z INFO  - 8bef8cec6ff5 Pulling fs layer
2026-02-11T17:19:16.605Z INFO  - eb3a49eac22f Pulling fs layer
2026-02-11T17:19:16.605Z INFO  - 9f64542c6d4f Pulling fs layer
2026-02-11T17:19:16.605Z INFO  - 16c11afca3a1 Pulling fs layer
2026-02-11T17:19:16.605Z INFO  - 2e2af73b10ed Pulling fs layer
2026-02-11T17:19:16.605Z INFO  - 16c11afca3a1 Waiting
2026-02-11T17:19:16.605Z INFO  - 2e2af73b10ed Waiting
2026-02-11T17:19:16.605Z INFO  - f67700692125 Downloading 2KB / 2KB
2026-02-11T17:19:16.875Z INFO  - f67700692125 Verifying Checksum
2026-02-11T17:19:16.876Z INFO  - f67700692125 Download complete
2026-02-11T17:19:16.876Z INFO  - f79c4ca4b6cc Downloading 347KB / 347KB
2026-02-11T17:19:16.876Z INFO  - 8e44f01296e3 Downloading 1MB / 26MB
2026-02-11T17:19:16.878Z INFO  - 1839f14167bb Downloading 39KB / 39KB
2026-02-11T17:19:16.878Z INFO  - f79c4ca4b6cc Verifying Checksum
2026-02-11T17:19:16.878Z INFO  - f79c4ca4b6cc Download complete
2026-02-11T17:19:16.879Z INFO  - 1839f14167bb Verifying Checksum
2026-02-11T17:19:16.879Z INFO  - 1839f14167bb Download complete
2026-02-11T17:19:16.881Z INFO  - 5df9ab85f942 Downloading 518KB / 219MB
2026-02-11T17:19:17.199Z INFO  - 12086ac4e888 Waiting
2026-02-11T17:19:17.200Z INFO  - 43cc945ef4b6 Waiting
2026-02-11T17:19:17.200Z INFO  - c5c0b99442f8 Waiting
2026-02-11T17:19:17.203Z INFO  - 56eba6764334 Waiting
2026-02-11T17:19:17.203Z INFO  - 080c8964ee60 Waiting
2026-02-11T17:19:17.203Z INFO  - d3348af14fdc Waiting
2026-02-11T17:19:17.203Z INFO  - c505e436da9b Waiting
2026-02-11T17:19:17.204Z INFO  - 0567c6094ddd Waiting
2026-02-11T17:19:17.204Z INFO  - b61067cb0514 Waiting
2026-02-11T17:19:17.204Z INFO  - a79bbcb25c76 Waiting
2026-02-11T17:19:17.204Z INFO  - 8bef8cec6ff5 Waiting
2026-02-11T17:19:17.204Z INFO  - eb3a49eac22f Waiting
2026-02-11T17:19:17.204Z INFO  - 9f64542c6d4f Waiting
2026-02-11T17:19:17.204Z INFO  - da542cee6e98 Downloading 35KB / 761KB
2026-02-11T17:19:17.208Z INFO  - 291bf06076f7 Downloading 213KB / 213KB
2026-02-11T17:19:17.208Z INFO  - 291bf06076f7 Verifying Checksum
2026-02-11T17:19:17.209Z INFO  - 291bf06076f7 Download complete
2026-02-11T17:19:17.223Z INFO  - 5df9ab85f942 Downloading 1MB / 219MB
2026-02-11T17:19:17.259Z INFO  - 3c6fd82648a9 Downloading 540KB / 193MB
2026-02-11T17:19:17.261Z INFO  - 194a6d0bfa51 Downloading 1KB / 1KB
2026-02-11T17:19:17.261Z INFO  - 3722c1c74e62 Downloading 188B / 188B
2026-02-11T17:19:17.267Z INFO  - 194a6d0bfa51 Verifying Checksum
2026-02-11T17:19:17.274Z INFO  - 194a6d0bfa51 Download complete
2026-02-11T17:19:17.279Z INFO  - 3722c1c74e62 Verifying Checksum
2026-02-11T17:19:17.291Z INFO  - 3722c1c74e62 Download complete
2026-02-11T17:19:17.503Z INFO  - bfdc87311970 Downloading 3KB / 3KB
2026-02-11T17:19:17.515Z INFO  - 0af27227f67c Download complete
2026-02-11T17:19:17.519Z INFO  - 4f4fb700ef54 Downloading 32B / 32B
2026-02-11T17:19:17.519Z INFO  - 8ebbfed6fb44 Downloading 847B / 847B
2026-02-11T17:19:17.519Z INFO  - bfdc87311970 Verifying Checksum
2026-02-11T17:19:17.519Z INFO  - bfdc87311970 Download complete
2026-02-11T17:19:17.519Z INFO  - f7436306daf8 Downloading 537KB / 60MB
2026-02-11T17:19:17.519Z INFO  - 44ae3f74e2fe Downloading 1KB / 1KB
2026-02-11T17:19:17.519Z INFO  - 44ae3f74e2fe Verifying Checksum
2026-02-11T17:19:17.519Z INFO  - 44ae3f74e2fe Download complete
2026-02-11T17:19:17.519Z INFO  - 4f4fb700ef54 Verifying Checksum
2026-02-11T17:19:17.519Z INFO  - 4f4fb700ef54 Download complete
2026-02-11T17:19:17.519Z INFO  - 8ebbfed6fb44 Verifying Checksum
2026-02-11T17:19:17.519Z INFO  - 8ebbfed6fb44 Download complete
2026-02-11T17:19:17.520Z INFO  - 4e2ecf3b5226 Downloading 150KB / 1020KB
2026-02-11T17:19:17.520Z INFO  - 8e44f01296e3 Downloading 2MB / 26MB
2026-02-11T17:19:17.520Z INFO  - 12086ac4e888 Downloading 1KB / 1KB
2026-02-11T17:19:17.520Z INFO  - 3c6fd82648a9 Downloading 1MB / 193MB
2026-02-11T17:19:17.520Z INFO  - 12086ac4e888 Verifying Checksum
2026-02-11T17:19:17.520Z INFO  - 12086ac4e888 Download complete
2026-02-11T17:19:17.524Z INFO  - 71bdaa4ffb8a Downloading 131KB / 6MB
2026-02-11T17:19:17.544Z INFO  - da542cee6e98 Downloading 264KB / 761KB
2026-02-11T17:19:17.544Z INFO  - 394bf2f8883d Downloading 3KB / 42KB
2026-02-11T17:19:17.563Z INFO  - 394bf2f8883d Downloading 42KB / 42KB
2026-02-11T17:19:17.581Z INFO  - b36da0e916e2 Downloading 3KB / 43KB
2026-02-11T17:19:17.605Z INFO  - 8e44f01296e3 Downloading 2MB / 26MB
2026-02-11T17:19:17.617Z INFO  - da542cee6e98 Downloading 296KB / 761KB
2026-02-11T17:19:17.619Z INFO  - 43cc945ef4b6 Downloading 767B / 767B
2026-02-11T17:19:17.620Z INFO  - c5c0b99442f8 Downloading 360B / 360B
2026-02-11T17:19:17.630Z INFO  - b36da0e916e2 Downloading 43KB / 43KB
2026-02-11T17:19:17.674Z INFO  - ca65aad4858a Downloading 1KB / 1KB
2026-02-11T17:19:17.674Z INFO  - ca65aad4858a Verifying Checksum
2026-02-11T17:19:17.674Z INFO  - ca65aad4858a Download complete
2026-02-11T17:19:17.674Z INFO  - 43cc945ef4b6 Verifying Checksum
2026-02-11T17:19:17.674Z INFO  - 43cc945ef4b6 Download complete
2026-02-11T17:19:17.674Z INFO  - c5c0b99442f8 Verifying Checksum
2026-02-11T17:19:17.674Z INFO  - c5c0b99442f8 Download complete
2026-02-11T17:19:17.679Z INFO  - b36da0e916e2 Verifying Checksum
2026-02-11T17:19:17.680Z INFO  - b36da0e916e2 Download complete
2026-02-11T17:19:17.681Z INFO  - da542cee6e98 Downloading 761KB / 761KB
2026-02-11T17:19:17.681Z INFO  - 56eba6764334 Downloading 964B / 964B
2026-02-11T17:19:17.681Z INFO  - da542cee6e98 Verifying Checksum
2026-02-11T17:19:17.681Z INFO  - da542cee6e98 Download complete
2026-02-11T17:19:17.813Z INFO  - 56eba6764334 Verifying Checksum
2026-02-11T17:19:17.813Z INFO  - 56eba6764334 Download complete
2026-02-11T17:19:17.813Z INFO  - f7436306daf8 Downloading 1MB / 60MB
2026-02-11T17:19:17.813Z INFO  - 8bef8cec6ff5 Downloading 400B / 400B
2026-02-11T17:19:17.813Z INFO  - 8bef8cec6ff5 Verifying Checksum
2026-02-11T17:19:17.813Z INFO  - 8bef8cec6ff5 Download complete
2026-02-11T17:19:17.813Z INFO  - eb3a49eac22f Downloading 399B / 399B
2026-02-11T17:19:17.813Z INFO  - b61067cb0514 Downloading 1KB / 1KB
2026-02-11T17:19:17.813Z INFO  - 0567c6094ddd Downloading 1KB / 1KB
2026-02-11T17:19:17.813Z INFO  - a79bbcb25c76 Downloading 231B / 231B
2026-02-11T17:19:17.813Z INFO  - eb3a49eac22f Verifying Checksum
2026-02-11T17:19:17.813Z INFO  - eb3a49eac22f Download complete
2026-02-11T17:19:17.814Z INFO  - b61067cb0514 Verifying Checksum
2026-02-11T17:19:17.820Z INFO  - b61067cb0514 Download complete
2026-02-11T17:19:17.820Z INFO  - 0567c6094ddd Verifying Checksum
2026-02-11T17:19:17.820Z INFO  - 0567c6094ddd Download complete
2026-02-11T17:19:17.820Z INFO  - a79bbcb25c76 Verifying Checksum
2026-02-11T17:19:17.820Z INFO  - a79bbcb25c76 Download complete
2026-02-11T17:19:17.820Z INFO  - 4e2ecf3b5226 Downloading 246KB / 1020KB
2026-02-11T17:19:17.820Z INFO  - 394bf2f8883d Verifying Checksum
2026-02-11T17:19:17.820Z INFO  - 394bf2f8883d Download complete
2026-02-11T17:19:17.820Z INFO  - 080c8964ee60 Downloading 1KB / 1KB
2026-02-11T17:19:17.821Z INFO  - 080c8964ee60 Verifying Checksum
2026-02-11T17:19:17.821Z INFO  - 080c8964ee60 Download complete
2026-02-11T17:19:17.821Z INFO  - c505e436da9b Downloading 421B / 421B
2026-02-11T17:19:17.821Z INFO  - 16c11afca3a1 Downloading 270B / 270B
2026-02-11T17:19:17.821Z INFO  - c505e436da9b Verifying Checksum
2026-02-11T17:19:17.821Z INFO  - c505e436da9b Download complete
2026-02-11T17:19:17.821Z INFO  - 16c11afca3a1 Verifying Checksum
2026-02-11T17:19:17.821Z INFO  - 16c11afca3a1 Download complete
2026-02-11T17:19:17.821Z INFO  - 2e2af73b10ed Downloading 133B / 133B
2026-02-11T17:19:17.821Z INFO  - 2e2af73b10ed Verifying Checksum
2026-02-11T17:19:17.821Z INFO  - 2e2af73b10ed Download complete
2026-02-11T17:19:17.831Z INFO  - 4e2ecf3b5226 Downloading 534KB / 1020KB
2026-02-11T17:19:17.855Z INFO  - 9f64542c6d4f Downloading 273B / 273B
2026-02-11T17:19:17.855Z INFO  - 4e2ecf3b5226 Verifying Checksum
2026-02-11T17:19:17.855Z INFO  - 4e2ecf3b5226 Download complete
2026-02-11T17:19:17.855Z INFO  - 9f64542c6d4f Verifying Checksum
2026-02-11T17:19:17.855Z INFO  - 9f64542c6d4f Download complete
2026-02-11T17:19:17.972Z INFO  - d3348af14fdc Downloading 125B / 125B
2026-02-11T17:19:17.975Z INFO  - d3348af14fdc Verifying Checksum
2026-02-11T17:19:17.981Z INFO  - d3348af14fdc Download complete
2026-02-11T17:19:18.049Z INFO  - d400aaf4cc44 Downloading 1016KB / 22MB
2026-02-11T17:19:18.049Z INFO  - 84ebb4173df8 Downloading 1014KB / 22MB
2026-02-11T17:19:18.049Z INFO  - f7436306daf8 Downloading 2MB / 60MB
2026-02-11T17:19:18.064Z INFO  - 8e44f01296e3 Downloading 3MB / 26MB
2026-02-11T17:19:18.124Z INFO  - 5df9ab85f942 Downloading 4MB / 219MB
2026-02-11T17:19:18.158Z INFO  - 3c6fd82648a9 Downloading 4MB / 193MB
2026-02-11T17:19:18.169Z INFO  - 5df9ab85f942 Downloading 5MB / 219MB
2026-02-11T17:19:18.171Z INFO  - d400aaf4cc44 Downloading 1MB / 22MB
2026-02-11T17:19:18.251Z INFO  - 8e44f01296e3 Downloading 5MB / 26MB
2026-02-11T17:19:18.256Z INFO  - 71bdaa4ffb8a Downloading 2MB / 6MB
2026-02-11T17:19:18.315Z INFO  - 3c6fd82648a9 Downloading 4MB / 193MB
2026-02-11T17:19:18.375Z INFO  - 84ebb4173df8 Downloading 2MB / 22MB
2026-02-11T17:19:18.425Z INFO  - 71bdaa4ffb8a Downloading 4MB / 6MB
2026-02-11T17:19:18.426Z INFO  - 71bdaa4ffb8a Verifying Checksum
2026-02-11T17:19:18.426Z INFO  - 71bdaa4ffb8a Download complete
2026-02-11T17:19:18.428Z INFO  - 5df9ab85f942 Downloading 6MB / 219MB
2026-02-11T17:19:18.509Z INFO  - d400aaf4cc44 Downloading 4MB / 22MB
2026-02-11T17:19:18.790Z INFO  - 3c6fd82648a9 Downloading 9MB / 193MB
2026-02-11T17:19:18.791Z INFO  - f7436306daf8 Downloading 10MB / 60MB
2026-02-11T17:19:18.791Z INFO  - 8e44f01296e3 Downloading 14MB / 26MB
2026-02-11T17:19:18.799Z INFO  - 5df9ab85f942 Downloading 9MB / 219MB
2026-02-11T17:19:18.800Z INFO  - 84ebb4173df8 Downloading 8MB / 22MB
2026-02-11T17:19:18.833Z INFO  - 3c6fd82648a9 Downloading 12MB / 193MB
2026-02-11T17:19:18.876Z INFO  - f7436306daf8 Downloading 12MB / 60MB
2026-02-11T17:19:18.932Z INFO  - d400aaf4cc44 Downloading 8MB / 22MB
2026-02-11T17:19:18.974Z INFO  - 3c6fd82648a9 Downloading 13MB / 193MB
2026-02-11T17:19:19.003Z INFO  - 84ebb4173df8 Downloading 10MB / 22MB
2026-02-11T17:19:19.003Z INFO  - f7436306daf8 Downloading 13MB / 60MB
2026-02-11T17:19:19.143Z INFO  - 8e44f01296e3 Downloading 21MB / 26MB
2026-02-11T17:19:19.145Z INFO  - d400aaf4cc44 Downloading 12MB / 22MB
2026-02-11T17:19:19.281Z INFO  - 5df9ab85f942 Downloading 18MB / 219MB
2026-02-11T17:19:19.287Z INFO  - f7436306daf8 Downloading 16MB / 60MB
2026-02-11T17:19:19.304Z INFO  - 8e44f01296e3 Downloading 22MB / 26MB
2026-02-11T17:19:19.335Z INFO  - 3c6fd82648a9 Downloading 16MB / 193MB
2026-02-11T17:19:19.380Z INFO  - d400aaf4cc44 Downloading 16MB / 22MB
2026-02-11T17:19:19.382Z INFO  - 84ebb4173df8 Downloading 17MB / 22MB
2026-02-11T17:19:19.390Z INFO  - 8e44f01296e3 Download complete
2026-02-11T17:19:19.656Z INFO  - 5df9ab85f942 Downloading 23MB / 219MB
2026-02-11T17:19:19.729Z INFO  - 84ebb4173df8 Verifying Checksum
2026-02-11T17:19:19.729Z INFO  - 84ebb4173df8 Download complete
2026-02-11T17:19:19.895Z INFO  - 5df9ab85f942 Downloading 26MB / 219MB
2026-02-11T17:19:19.949Z INFO  - f7436306daf8 Downloading 30MB / 60MB
2026-02-11T17:19:20.099Z INFO  - 5df9ab85f942 Downloading 27MB / 219MB
2026-02-11T17:19:20.100Z INFO  - d400aaf4cc44 Verifying Checksum
2026-02-11T17:19:20.100Z INFO  - d400aaf4cc44 Download complete
2026-02-11T17:19:20.100Z INFO  - 3c6fd82648a9 Downloading 23MB / 193MB
2026-02-11T17:19:20.102Z INFO  - f7436306daf8 Downloading 31MB / 60MB
2026-02-11T17:19:21.741Z INFO  - 5df9ab85f942 Downloading 30MB / 219MB
2026-02-11T17:19:21.741Z INFO  - f7436306daf8 Downloading 35MB / 60MB
2026-02-11T17:19:21.862Z INFO  - 3c6fd82648a9 Downloading 24MB / 193MB
2026-02-11T17:19:21.889Z INFO  - f7436306daf8 Downloading 38MB / 60MB
2026-02-11T17:19:21.941Z INFO  - 5df9ab85f942 Downloading 37MB / 219MB
2026-02-11T17:19:22.076Z INFO  - 3c6fd82648a9 Downloading 28MB / 193MB
2026-02-11T17:19:22.197Z INFO  - 5df9ab85f942 Downloading 39MB / 219MB
2026-02-11T17:19:22.219Z INFO  - 3c6fd82648a9 Downloading 31MB / 193MB
2026-02-11T17:19:22.307Z INFO  - 3c6fd82648a9 Downloading 36MB / 193MB
2026-02-11T17:19:22.519Z INFO  - 5df9ab85f942 Downloading 44MB / 219MB
2026-02-11T17:19:22.519Z INFO  - 3c6fd82648a9 Downloading 44MB / 193MB
2026-02-11T17:19:22.524Z INFO  - 3c6fd82648a9 Downloading 47MB / 193MB
2026-02-11T17:19:22.619Z INFO  - f7436306daf8 Verifying Checksum
2026-02-11T17:19:22.619Z INFO  - f7436306daf8 Download complete
2026-02-11T17:19:22.627Z INFO  - 5df9ab85f942 Downloading 48MB / 219MB
2026-02-11T17:19:22.627Z INFO  - 3c6fd82648a9 Downloading 50MB / 193MB
2026-02-11T17:19:22.732Z INFO  - 3c6fd82648a9 Downloading 51MB / 193MB
2026-02-11T17:19:22.841Z INFO  - 3c6fd82648a9 Downloading 54MB / 193MB
2026-02-11T17:19:22.845Z INFO  - 5df9ab85f942 Downloading 54MB / 219MB
2026-02-11T17:19:24.372Z INFO  - 3c6fd82648a9 Downloading 60MB / 193MB
2026-02-11T17:19:24.581Z INFO  - 3c6fd82648a9 Downloading 74MB / 193MB
2026-02-11T17:19:26.058Z INFO  - 5df9ab85f942 Downloading 75MB / 219MB
2026-02-11T17:19:26.293Z INFO  - 3c6fd82648a9 Downloading 89MB / 193MB
2026-02-11T17:19:26.404Z INFO  - 5df9ab85f942 Downloading 80MB / 219MB
2026-02-11T17:19:26.484Z INFO  - 3c6fd82648a9 Downloading 98MB / 193MB
2026-02-11T17:19:27.471Z INFO  - 3c6fd82648a9 Downloading 105MB / 193MB
2026-02-11T17:19:28.361Z INFO  - 3c6fd82648a9 Downloading 128MB / 193MB
2026-02-11T17:19:28.601Z INFO  - 5df9ab85f942 Downloading 106MB / 219MB
2026-02-11T17:19:28.633Z INFO  - 3c6fd82648a9 Downloading 132MB / 193MB
2026-02-11T17:19:28.845Z INFO  - 5df9ab85f942 Downloading 110MB / 219MB
2026-02-11T17:19:29.033Z INFO  - 3c6fd82648a9 Downloading 141MB / 193MB
2026-02-11T17:19:29.072Z INFO  - 5df9ab85f942 Downloading 115MB / 219MB
2026-02-11T17:19:29.401Z INFO  - 5df9ab85f942 Downloading 120MB / 219MB
2026-02-11T17:19:29.521Z INFO  - 5df9ab85f942 Downloading 123MB / 219MB
2026-02-11T17:19:29.561Z INFO  - 3c6fd82648a9 Downloading 148MB / 193MB
2026-02-11T17:19:29.691Z INFO  - 5df9ab85f942 Downloading 124MB / 219MB
2026-02-11T17:19:29.827Z INFO  - 5df9ab85f942 Downloading 124MB / 219MB
2026-02-11T17:19:29.863Z INFO  - 3c6fd82648a9 Downloading 151MB / 193MB
2026-02-11T17:19:29.988Z INFO  - 3c6fd82648a9 Downloading 151MB / 193MB
2026-02-11T17:19:30.377Z INFO  - 3c6fd82648a9 Downloading 155MB / 193MB
2026-02-11T17:19:30.867Z INFO  - 5df9ab85f942 Downloading 127MB / 219MB
2026-02-11T17:19:30.867Z INFO  - 5df9ab85f942 Downloading 132MB / 219MB
2026-02-11T17:19:30.867Z INFO  - 3c6fd82648a9 Downloading 160MB / 193MB
2026-02-11T17:19:30.867Z INFO  - 5df9ab85f942 Downloading 133MB / 219MB
2026-02-11T17:19:31.577Z INFO  - 3c6fd82648a9 Downloading 163MB / 193MB
2026-02-11T17:19:32.255Z INFO  - 3c6fd82648a9 Downloading 175MB / 193MB
2026-02-11T17:19:32.480Z INFO  - 3c6fd82648a9 Downloading 182MB / 193MB
2026-02-11T17:19:32.480Z INFO  - 5df9ab85f942 Downloading 136MB / 219MB
2026-02-11T17:19:32.711Z INFO  - 3c6fd82648a9 Downloading 188MB / 193MB
2026-02-11T17:19:32.780Z INFO  - 5df9ab85f942 Downloading 141MB / 219MB
2026-02-11T17:19:32.985Z INFO  - 3c6fd82648a9 Downloading 191MB / 193MB
2026-02-11T17:19:33.083Z INFO  - 3c6fd82648a9 Verifying Checksum
2026-02-11T17:19:33.084Z INFO  - 3c6fd82648a9 Download complete
2026-02-11T17:19:33.365Z INFO  - 5df9ab85f942 Downloading 144MB / 219MB
2026-02-11T17:19:33.365Z INFO  - 5df9ab85f942 Downloading 146MB / 219MB
2026-02-11T17:19:33.584Z INFO  - 5df9ab85f942 Downloading 153MB / 219MB
2026-02-11T17:19:33.709Z INFO  - 5df9ab85f942 Downloading 155MB / 219MB
2026-02-11T17:19:34.340Z INFO  - 8e44f01296e3 Extracting 576KB / 26MB
2026-02-11T17:19:34.453Z INFO  - 5df9ab85f942 Downloading 158MB / 219MB
2026-02-11T17:19:34.564Z INFO  - 5df9ab85f942 Downloading 159MB / 219MB
2026-02-11T17:19:34.776Z INFO  - 5df9ab85f942 Downloading 168MB / 219MB
2026-02-11T17:19:34.776Z INFO  - 8e44f01296e3 Extracting 1MB / 26MB
2026-02-11T17:19:34.869Z INFO  - 5df9ab85f942 Downloading 180MB / 219MB
2026-02-11T17:19:35.459Z INFO  - 5df9ab85f942 Downloading 193MB / 219MB
2026-02-11T17:19:35.543Z INFO  - 5df9ab85f942 Downloading 202MB / 219MB
2026-02-11T17:19:35.664Z INFO  - 5df9ab85f942 Downloading 202MB / 219MB
2026-02-11T17:19:35.887Z INFO  - 5df9ab85f942 Downloading 203MB / 219MB
2026-02-11T17:19:36.323Z INFO  - 5df9ab85f942 Downloading 217MB / 219MB
2026-02-11T17:19:36.495Z INFO  - 5df9ab85f942 Verifying Checksum
2026-02-11T17:19:36.495Z INFO  - 5df9ab85f942 Download complete
2026-02-11T17:19:37.168Z INFO  - 8e44f01296e3 Extracting 1MB / 26MB
2026-02-11T17:19:37.722Z INFO  - 8e44f01296e3 Extracting 2MB / 26MB
2026-02-11T17:19:38.668Z INFO  - 8e44f01296e3 Extracting 4MB / 26MB
2026-02-11T17:19:39.131Z INFO  - 8e44f01296e3 Extracting 6MB / 26MB
2026-02-11T17:19:39.298Z INFO  - 8e44f01296e3 Extracting 7MB / 26MB
2026-02-11T17:19:39.701Z INFO  - 8e44f01296e3 Extracting 7MB / 26MB
2026-02-11T17:19:40.811Z INFO  - 8e44f01296e3 Extracting 8MB / 26MB
2026-02-11T17:19:41.633Z INFO  - 8e44f01296e3 Extracting 8MB / 26MB
2026-02-11T17:19:42.145Z INFO  - 8e44f01296e3 Extracting 9MB / 26MB
2026-02-11T17:19:42.304Z INFO  - 8e44f01296e3 Extracting 9MB / 26MB
2026-02-11T17:19:42.630Z INFO  - 8e44f01296e3 Extracting 12MB / 26MB
2026-02-11T17:19:43.281Z INFO  - 8e44f01296e3 Extracting 15MB / 26MB
2026-02-11T17:19:43.685Z INFO  - 8e44f01296e3 Extracting 16MB / 26MB
2026-02-11T17:19:44.401Z INFO  - 8e44f01296e3 Extracting 20MB / 26MB
2026-02-11T17:19:44.598Z INFO  - 8e44f01296e3 Extracting 21MB / 26MB
2026-02-11T17:19:44.759Z INFO  - 8e44f01296e3 Extracting 21MB / 26MB
2026-02-11T17:19:46.297Z INFO  - 8e44f01296e3 Extracting 22MB / 26MB
2026-02-11T17:19:46.744Z INFO  - 8e44f01296e3 Extracting 23MB / 26MB
2026-02-11T17:19:46.972Z INFO  - 8e44f01296e3 Extracting 23MB / 26MB
2026-02-11T17:19:47.140Z INFO  - 8e44f01296e3 Extracting 24MB / 26MB
2026-02-11T17:19:47.303Z INFO  - 8e44f01296e3 Extracting 25MB / 26MB
2026-02-11T17:19:47.519Z INFO  - 8e44f01296e3 Extracting 25MB / 26MB
2026-02-11T17:19:48.892Z INFO  - 8e44f01296e3 Extracting 25MB / 26MB
2026-02-11T17:19:50.239Z INFO  - 8e44f01296e3 Extracting 26MB / 26MB
2026-02-11T17:19:51.117Z INFO  - 8e44f01296e3 Extracting 26MB / 26MB
2026-02-11T17:19:51.233Z INFO  - 8e44f01296e3 Pull complete
2026-02-11T17:19:51.267Z INFO  - 1839f14167bb Extracting 32KB / 39KB
2026-02-11T17:19:51.399Z INFO  - 1839f14167bb Extracting 39KB / 39KB
2026-02-11T17:19:51.459Z INFO  - 1839f14167bb Extracting 39KB / 39KB
2026-02-11T17:19:56.873Z INFO  - 1839f14167bb Pull complete
2026-02-11T17:19:57.686Z INFO  - 5df9ab85f942 Extracting 544KB / 219MB
2026-02-11T17:19:57.886Z INFO  - 5df9ab85f942 Extracting 1MB / 219MB
2026-02-11T17:19:58.165Z INFO  - 5df9ab85f942 Extracting 1MB / 219MB
2026-02-11T17:19:58.361Z INFO  - 5df9ab85f942 Extracting 2MB / 219MB
2026-02-11T17:19:59.600Z INFO  - 5df9ab85f942 Extracting 4MB / 219MB
2026-02-11T17:20:00.448Z INFO  - 5df9ab85f942 Extracting 5MB / 219MB
2026-02-11T17:20:00.731Z INFO  - 5df9ab85f942 Extracting 5MB / 219MB
2026-02-11T17:20:01.125Z INFO  - 5df9ab85f942 Extracting 6MB / 219MB
2026-02-11T17:20:05.447Z INFO  - 5df9ab85f942 Extracting 9MB / 219MB
2026-02-11T17:20:05.785Z INFO  - 5df9ab85f942 Extracting 9MB / 219MB
2026-02-11T17:20:06.252Z INFO  - 5df9ab85f942 Extracting 10MB / 219MB
2026-02-11T17:20:07.068Z INFO  - 5df9ab85f942 Extracting 10MB / 219MB
2026-02-11T17:20:08.173Z INFO  - 5df9ab85f942 Extracting 13MB / 219MB
2026-02-11T17:20:08.341Z INFO  - 5df9ab85f942 Extracting 13MB / 219MB
2026-02-11T17:20:08.558Z INFO  - 5df9ab85f942 Extracting 14MB / 219MB
2026-02-11T17:20:08.682Z INFO  - 5df9ab85f942 Extracting 14MB / 219MB
2026-02-11T17:20:10.074Z INFO  - 5df9ab85f942 Extracting 18MB / 219MB
2026-02-11T17:20:10.124Z INFO  - 5df9ab85f942 Extracting 18MB / 219MB
2026-02-11T17:20:10.504Z INFO  - 5df9ab85f942 Extracting 19MB / 219MB
2026-02-11T17:20:11.261Z INFO  - 5df9ab85f942 Extracting 19MB / 219MB
2026-02-11T17:20:13.059Z INFO  - 5df9ab85f942 Extracting 22MB / 219MB
2026-02-11T17:20:13.491Z INFO  - 5df9ab85f942 Extracting 22MB / 219MB
2026-02-11T17:20:13.934Z INFO  - 5df9ab85f942 Extracting 23MB / 219MB
2026-02-11T17:20:14.427Z INFO  - 5df9ab85f942 Extracting 23MB / 219MB
2026-02-11T17:20:15.594Z INFO  - 5df9ab85f942 Extracting 26MB / 219MB
2026-02-11T17:20:15.794Z INFO  - 5df9ab85f942 Extracting 27MB / 219MB
2026-02-11T17:20:15.998Z INFO  - 5df9ab85f942 Extracting 28MB / 219MB
2026-02-11T17:20:17.100Z INFO  - 5df9ab85f942 Extracting 30MB / 219MB
2026-02-11T17:20:17.262Z INFO  - 5df9ab85f942 Extracting 31MB / 219MB
2026-02-11T17:20:19.424Z INFO  - 5df9ab85f942 Extracting 31MB / 219MB
2026-02-11T17:20:20.059Z INFO  - 5df9ab85f942 Extracting 32MB / 219MB
2026-02-11T17:20:21.295Z INFO  - 5df9ab85f942 Extracting 35MB / 219MB
2026-02-11T17:20:21.718Z INFO  - 5df9ab85f942 Extracting 36MB / 219MB
2026-02-11T17:20:22.370Z INFO  - 5df9ab85f942 Extracting 36MB / 219MB
2026-02-11T17:20:23.691Z INFO  - 5df9ab85f942 Extracting 37MB / 219MB
2026-02-11T17:20:26.216Z INFO  - 5df9ab85f942 Extracting 39MB / 219MB
2026-02-11T17:20:26.383Z INFO  - 5df9ab85f942 Extracting 40MB / 219MB
2026-02-11T17:20:26.618Z INFO  - 5df9ab85f942 Extracting 40MB / 219MB
2026-02-11T17:20:27.141Z INFO  - 5df9ab85f942 Extracting 41MB / 219MB
2026-02-11T17:20:36.142Z INFO  - 5df9ab85f942 Extracting 44MB / 219MB
2026-02-11T17:20:36.823Z INFO  - 5df9ab85f942 Extracting 44MB / 219MB
2026-02-11T17:20:37.735Z INFO  - 5df9ab85f942 Extracting 45MB / 219MB
2026-02-11T17:20:38.733Z INFO  - 5df9ab85f942 Extracting 45MB / 219MB
2026-02-11T17:20:39.413Z INFO  - 5df9ab85f942 Extracting 48MB / 219MB
2026-02-11T17:20:40.796Z INFO  - 5df9ab85f942 Extracting 49MB / 219MB
2026-02-11T17:20:41.529Z INFO  - 5df9ab85f942 Extracting 49MB / 219MB
2026-02-11T17:20:41.960Z INFO  - 5df9ab85f942 Extracting 50MB / 219MB
2026-02-11T17:20:46.851Z INFO  - 5df9ab85f942 Extracting 53MB / 219MB
2026-02-11T17:20:47.199Z INFO  - 5df9ab85f942 Extracting 53MB / 219MB
2026-02-11T17:20:47.463Z INFO  - 5df9ab85f942 Extracting 54MB / 219MB
2026-02-11T17:20:47.934Z INFO  - 5df9ab85f942 Extracting 54MB / 219MB
2026-02-11T17:20:50.451Z INFO  - 5df9ab85f942 Extracting 57MB / 219MB
2026-02-11T17:20:50.691Z INFO  - 5df9ab85f942 Extracting 57MB / 219MB
2026-02-11T17:20:51.451Z INFO  - 5df9ab85f942 Extracting 58MB / 219MB
2026-02-11T17:20:51.932Z INFO  - 5df9ab85f942 Extracting 58MB / 219MB
2026-02-11T17:20:53.324Z INFO  - 5df9ab85f942 Extracting 61MB / 219MB
2026-02-11T17:20:53.563Z INFO  - 5df9ab85f942 Extracting 62MB / 219MB
2026-02-11T17:20:53.749Z INFO  - 5df9ab85f942 Extracting 62MB / 219MB
2026-02-11T17:20:53.985Z INFO  - 5df9ab85f942 Extracting 63MB / 219MB
2026-02-11T17:20:55.960Z INFO  - 5df9ab85f942 Extracting 65MB / 219MB
2026-02-11T17:20:56.471Z INFO  - 5df9ab85f942 Extracting 66MB / 219MB
2026-02-11T17:20:57.707Z INFO  - 5df9ab85f942 Extracting 66MB / 219MB
2026-02-11T17:20:57.908Z INFO  - 5df9ab85f942 Extracting 67MB / 219MB
2026-02-11T17:20:58.215Z INFO  - 5df9ab85f942 Extracting 68MB / 219MB
2026-02-11T17:21:00.638Z INFO  - 5df9ab85f942 Extracting 70MB / 219MB
2026-02-11T17:21:00.864Z INFO  - 5df9ab85f942 Extracting 71MB / 219MB
2026-02-11T17:21:01.911Z INFO  - 5df9ab85f942 Extracting 72MB / 219MB
2026-02-11T17:21:03.025Z INFO  - 5df9ab85f942 Extracting 74MB / 219MB
2026-02-11T17:21:03.025Z INFO  - 5df9ab85f942 Extracting 75MB / 219MB
2026-02-11T17:21:03.025Z INFO  - 5df9ab85f942 Extracting 75MB / 219MB
2026-02-11T17:21:03.027Z INFO  - 5df9ab85f942 Extracting 76MB / 219MB
2026-02-11T17:21:04.404Z INFO  - 5df9ab85f942 Extracting 79MB / 219MB
2026-02-11T17:21:04.404Z INFO  - 5df9ab85f942 Extracting 80MB / 219MB
2026-02-11T17:21:06.927Z INFO  - 5df9ab85f942 Extracting 83MB / 219MB
2026-02-11T17:21:06.927Z INFO  - 5df9ab85f942 Extracting 83MB / 219MB
2026-02-11T17:21:06.927Z INFO  - 5df9ab85f942 Extracting 84MB / 219MB
2026-02-11T17:21:06.927Z INFO  - 5df9ab85f942 Extracting 85MB / 219MB
2026-02-11T17:21:07.554Z INFO  - 5df9ab85f942 Extracting 88MB / 219MB
2026-02-11T17:21:07.860Z INFO  - 5df9ab85f942 Extracting 88MB / 219MB
2026-02-11T17:21:08.288Z INFO  - 5df9ab85f942 Extracting 89MB / 219MB
2026-02-11T17:21:08.288Z INFO  - 5df9ab85f942 Extracting 89MB / 219MB
2026-02-11T17:21:08.755Z INFO  - 5df9ab85f942 Extracting 92MB / 219MB
2026-02-11T17:21:09.267Z INFO  - 5df9ab85f942 Extracting 92MB / 219MB
2026-02-11T17:21:09.390Z INFO  - 5df9ab85f942 Extracting 93MB / 219MB
2026-02-11T17:21:09.754Z INFO  - 5df9ab85f942 Extracting 94MB / 219MB
2026-02-11T17:21:11.158Z INFO  - 5df9ab85f942 Extracting 97MB / 219MB
2026-02-11T17:21:12.604Z INFO  - 5df9ab85f942 Extracting 101MB / 219MB
2026-02-11T17:21:14.081Z INFO  - 5df9ab85f942 Extracting 102MB / 219MB
2026-02-11T17:21:14.280Z INFO  - 5df9ab85f942 Extracting 102MB / 219MB
2026-02-11T17:21:14.577Z INFO  - 5df9ab85f942 Extracting 103MB / 219MB
2026-02-11T17:21:16.985Z INFO  - 5df9ab85f942 Extracting 105MB / 219MB
2026-02-11T17:21:17.230Z INFO  - 5df9ab85f942 Extracting 106MB / 219MB
2026-02-11T17:21:17.374Z INFO  - 5df9ab85f942 Extracting 106MB / 219MB
2026-02-11T17:21:17.517Z INFO  - 5df9ab85f942 Extracting 107MB / 219MB
2026-02-11T17:21:18.767Z INFO  - 5df9ab85f942 Extracting 109MB / 219MB
2026-02-11T17:21:19.560Z INFO  - 5df9ab85f942 Extracting 110MB / 219MB
2026-02-11T17:21:19.783Z INFO  - 5df9ab85f942 Extracting 111MB / 219MB
2026-02-11T17:21:19.934Z INFO  - 5df9ab85f942 Extracting 111MB / 219MB
2026-02-11T17:21:21.660Z INFO  - 5df9ab85f942 Extracting 114MB / 219MB
2026-02-11T17:21:22.063Z INFO  - 5df9ab85f942 Extracting 114MB / 219MB
2026-02-11T17:21:22.646Z INFO  - 5df9ab85f942 Extracting 115MB / 219MB
2026-02-11T17:21:22.940Z INFO  - 5df9ab85f942 Extracting 115MB / 219MB
2026-02-11T17:21:24.277Z INFO  - 5df9ab85f942 Extracting 119MB / 219MB
2026-02-11T17:21:24.535Z INFO  - 5df9ab85f942 Extracting 120MB / 219MB
2026-02-11T17:21:24.718Z INFO  - 5df9ab85f942 Extracting 120MB / 219MB
2026-02-11T17:21:25.244Z INFO  - 5df9ab85f942 Extracting 124MB / 219MB
2026-02-11T17:21:25.510Z INFO  - 5df9ab85f942 Extracting 124MB / 219MB
2026-02-11T17:21:26.764Z INFO  - 5df9ab85f942 Extracting 127MB / 219MB
2026-02-11T17:21:27.364Z INFO  - 5df9ab85f942 Extracting 128MB / 219MB
2026-02-11T17:21:27.510Z INFO  - 5df9ab85f942 Extracting 128MB / 219MB
2026-02-11T17:21:28.164Z INFO  - 5df9ab85f942 Extracting 131MB / 219MB
2026-02-11T17:21:28.658Z INFO  - 5df9ab85f942 Extracting 132MB / 219MB
2026-02-11T17:21:29.688Z INFO  - 5df9ab85f942 Extracting 132MB / 219MB
2026-02-11T17:21:29.985Z INFO  - 5df9ab85f942 Extracting 133MB / 219MB
2026-02-11T17:21:30.504Z INFO  - 5df9ab85f942 Extracting 136MB / 219MB
2026-02-11T17:21:30.666Z INFO  - 5df9ab85f942 Extracting 137MB / 219MB
2026-02-11T17:21:30.767Z INFO  - 5df9ab85f942 Extracting 138MB / 219MB
2026-02-11T17:21:32.137Z INFO  - 5df9ab85f942 Extracting 141MB / 219MB
2026-02-11T17:21:32.137Z INFO  - 5df9ab85f942 Extracting 142MB / 219MB
2026-02-11T17:21:33.137Z INFO  - 5df9ab85f942 Extracting 145MB / 219MB
2026-02-11T17:21:33.138Z INFO  - 5df9ab85f942 Extracting 146MB / 219MB
2026-02-11T17:21:33.138Z INFO  - 5df9ab85f942 Extracting 146MB / 219MB
2026-02-11T17:21:33.250Z INFO  - 5df9ab85f942 Extracting 149MB / 219MB
2026-02-11T17:21:33.662Z INFO  - 5df9ab85f942 Extracting 150MB / 219MB
2026-02-11T17:21:33.873Z INFO  - 5df9ab85f942 Extracting 151MB / 219MB
2026-02-11T17:21:36.189Z INFO  - 5df9ab85f942 Extracting 154MB / 219MB
2026-02-11T17:21:36.420Z INFO  - 5df9ab85f942 Extracting 155MB / 219MB
2026-02-11T17:21:36.768Z INFO  - 5df9ab85f942 Extracting 158MB / 219MB
2026-02-11T17:21:38.024Z INFO  - 5df9ab85f942 Extracting 162MB / 219MB
2026-02-11T17:21:38.309Z INFO  - 5df9ab85f942 Extracting 163MB / 219MB
2026-02-11T17:21:38.613Z INFO  - 5df9ab85f942 Extracting 163MB / 219MB
2026-02-11T17:21:39.174Z INFO  - 5df9ab85f942 Extracting 167MB / 219MB
2026-02-11T17:21:39.498Z INFO  - 5df9ab85f942 Extracting 173MB / 219MB
2026-02-11T17:21:39.879Z INFO  - 5df9ab85f942 Extracting 175MB / 219MB
2026-02-11T17:21:40.059Z INFO  - 5df9ab85f942 Extracting 177MB / 219MB
2026-02-11T17:21:42.456Z INFO  - 5df9ab85f942 Extracting 180MB / 219MB
2026-02-11T17:21:42.637Z INFO  - 5df9ab85f942 Extracting 180MB / 219MB
2026-02-11T17:21:42.781Z INFO  - 5df9ab85f942 Extracting 181MB / 219MB
2026-02-11T17:21:43.308Z INFO  - 5df9ab85f942 Extracting 184MB / 219MB
2026-02-11T17:21:43.441Z INFO  - 5df9ab85f942 Extracting 185MB / 219MB
2026-02-11T17:21:43.545Z INFO  - 5df9ab85f942 Extracting 186MB / 219MB
2026-02-11T17:21:43.785Z INFO  - 5df9ab85f942 Extracting 190MB / 219MB
2026-02-11T17:21:44.008Z INFO  - 5df9ab85f942 Extracting 194MB / 219MB
2026-02-11T17:21:45.167Z INFO  - 5df9ab85f942 Extracting 197MB / 219MB
2026-02-11T17:21:45.168Z INFO  - 5df9ab85f942 Extracting 198MB / 219MB
2026-02-11T17:21:45.189Z INFO  - 5df9ab85f942 Extracting 198MB / 219MB
2026-02-11T17:21:45.549Z INFO  - 5df9ab85f942 Extracting 199MB / 219MB
2026-02-11T17:21:46.367Z INFO  - 5df9ab85f942 Extracting 202MB / 219MB
2026-02-11T17:21:46.511Z INFO  - 5df9ab85f942 Extracting 203MB / 219MB
2026-02-11T17:21:48.173Z INFO  - 5df9ab85f942 Extracting 207MB / 219MB
2026-02-11T17:21:48.173Z INFO  - 5df9ab85f942 Extracting 208MB / 219MB
2026-02-11T17:21:48.970Z INFO  - 5df9ab85f942 Extracting 212MB / 219MB
2026-02-11T17:21:51.404Z INFO  - 5df9ab85f942 Extracting 215MB / 219MB
2026-02-11T17:21:53.043Z INFO  - 5df9ab85f942 Extracting 216MB / 219MB
2026-02-11T17:21:53.267Z INFO  - 5df9ab85f942 Extracting 219MB / 219MB
2026-02-11T17:21:57.729Z INFO  - 5df9ab85f942 Pull complete
2026-02-11T17:21:58.710Z INFO  - 3c6fd82648a9 Extracting 544KB / 193MB
2026-02-11T17:21:58.853Z INFO  - 3c6fd82648a9 Extracting 1MB / 193MB
2026-02-11T17:21:58.965Z INFO  - 3c6fd82648a9 Extracting 1MB / 193MB
2026-02-11T17:21:59.964Z INFO  - 3c6fd82648a9 Extracting 4MB / 193MB
2026-02-11T17:22:00.212Z INFO  - 3c6fd82648a9 Extracting 5MB / 193MB
2026-02-11T17:22:00.606Z INFO  - 3c6fd82648a9 Extracting 9MB / 193MB
2026-02-11T17:22:01.075Z INFO  - 3c6fd82648a9 Extracting 17MB / 193MB
2026-02-11T17:22:01.306Z INFO  - 3c6fd82648a9 Extracting 20MB / 193MB
2026-02-11T17:22:01.527Z INFO  - 3c6fd82648a9 Extracting 28MB / 193MB
2026-02-11T17:22:01.846Z INFO  - 3c6fd82648a9 Extracting 31MB / 193MB
2026-02-11T17:22:02.885Z INFO  - 3c6fd82648a9 Extracting 35MB / 193MB
2026-02-11T17:22:03.041Z INFO  - 3c6fd82648a9 Extracting 36MB / 193MB
2026-02-11T17:22:04.055Z INFO  - 3c6fd82648a9 Extracting 39MB / 193MB
2026-02-11T17:22:04.212Z INFO  - 3c6fd82648a9 Extracting 40MB / 193MB
2026-02-11T17:22:05.307Z INFO  - 3c6fd82648a9 Extracting 44MB / 193MB
2026-02-11T17:22:06.169Z INFO  - 3c6fd82648a9 Extracting 47MB / 193MB
2026-02-11T17:22:06.628Z INFO  - 3c6fd82648a9 Extracting 50MB / 193MB
2026-02-11T17:22:06.975Z INFO  - 3c6fd82648a9 Extracting 51MB / 193MB
2026-02-11T17:22:07.097Z INFO  - 3c6fd82648a9 Extracting 51MB / 193MB
2026-02-11T17:22:07.331Z INFO  - 3c6fd82648a9 Extracting 54MB / 193MB
2026-02-11T17:22:07.865Z INFO  - 3c6fd82648a9 Extracting 55MB / 193MB
2026-02-11T17:22:08.477Z INFO  - 3c6fd82648a9 Extracting 58MB / 193MB
2026-02-11T17:22:08.651Z INFO  - 3c6fd82648a9 Extracting 60MB / 193MB
2026-02-11T17:22:10.232Z INFO  - 3c6fd82648a9 Extracting 62MB / 193MB
2026-02-11T17:22:10.232Z INFO  - 3c6fd82648a9 Extracting 62MB / 193MB
2026-02-11T17:22:10.272Z INFO  - 3c6fd82648a9 Extracting 63MB / 193MB
2026-02-11T17:22:11.241Z INFO  - 3c6fd82648a9 Extracting 66MB / 193MB
2026-02-11T17:22:11.453Z INFO  - 3c6fd82648a9 Extracting 66MB / 193MB
2026-02-11T17:22:11.656Z INFO  - 3c6fd82648a9 Extracting 67MB / 193MB
2026-02-11T17:22:12.978Z INFO  - 3c6fd82648a9 Extracting 70MB / 193MB
2026-02-11T17:22:13.109Z INFO  - 3c6fd82648a9 Extracting 70MB / 193MB
2026-02-11T17:22:13.342Z INFO  - 3c6fd82648a9 Extracting 71MB / 193MB
2026-02-11T17:22:16.016Z INFO  - 3c6fd82648a9 Extracting 73MB / 193MB
2026-02-11T17:22:16.761Z INFO  - 3c6fd82648a9 Extracting 74MB / 193MB
2026-02-11T17:22:16.902Z INFO  - 3c6fd82648a9 Extracting 74MB / 193MB
2026-02-11T17:22:17.155Z INFO  - 3c6fd82648a9 Extracting 75MB / 193MB
2026-02-11T17:22:17.941Z INFO  - 3c6fd82648a9 Extracting 78MB / 193MB
2026-02-11T17:22:18.347Z INFO  - 3c6fd82648a9 Extracting 78MB / 193MB
2026-02-11T17:22:18.548Z INFO  - 3c6fd82648a9 Extracting 79MB / 193MB
2026-02-11T17:22:19.287Z INFO  - 3c6fd82648a9 Extracting 81MB / 193MB
2026-02-11T17:22:19.441Z INFO  - 3c6fd82648a9 Extracting 82MB / 193MB
2026-02-11T17:22:19.815Z INFO  - 3c6fd82648a9 Extracting 82MB / 193MB
2026-02-11T17:22:21.162Z INFO  - 3c6fd82648a9 Extracting 85MB / 193MB
2026-02-11T17:22:21.277Z INFO  - 3c6fd82648a9 Extracting 86MB / 193MB
2026-02-11T17:22:21.581Z INFO  - 3c6fd82648a9 Extracting 86MB / 193MB
2026-02-11T17:22:22.563Z INFO  - 3c6fd82648a9 Extracting 87MB / 193MB
2026-02-11T17:22:24.480Z INFO  - 3c6fd82648a9 Extracting 89MB / 193MB
2026-02-11T17:22:24.728Z INFO  - 3c6fd82648a9 Extracting 89MB / 193MB
2026-02-11T17:22:25.113Z INFO  - 3c6fd82648a9 Extracting 90MB / 193MB
2026-02-11T17:22:25.522Z INFO  - 3c6fd82648a9 Extracting 90MB / 193MB
2026-02-11T17:22:26.819Z INFO  - 3c6fd82648a9 Extracting 93MB / 193MB
2026-02-11T17:22:27.016Z INFO  - 3c6fd82648a9 Extracting 94MB / 193MB
2026-02-11T17:22:27.245Z INFO  - 3c6fd82648a9 Extracting 94MB / 193MB
2026-02-11T17:22:29.744Z INFO  - 3c6fd82648a9 Extracting 97MB / 193MB
2026-02-11T17:22:29.888Z INFO  - 3c6fd82648a9 Extracting 97MB / 193MB
2026-02-11T17:22:30.056Z INFO  - 3c6fd82648a9 Extracting 98MB / 193MB
2026-02-11T17:22:30.178Z INFO  - 3c6fd82648a9 Extracting 98MB / 193MB
2026-02-11T17:22:30.676Z INFO  - 3c6fd82648a9 Extracting 100MB / 193MB
2026-02-11T17:22:30.874Z INFO  - 3c6fd82648a9 Extracting 101MB / 193MB
2026-02-11T17:22:31.060Z INFO  - 3c6fd82648a9 Extracting 102MB / 193MB
2026-02-11T17:22:31.538Z INFO  - 3c6fd82648a9 Extracting 102MB / 193MB
2026-02-11T17:22:34.332Z INFO  - 3c6fd82648a9 Extracting 105MB / 193MB
2026-02-11T17:22:34.576Z INFO  - 3c6fd82648a9 Extracting 106MB / 193MB
2026-02-11T17:22:35.635Z INFO  - 3c6fd82648a9 Extracting 108MB / 193MB
2026-02-11T17:22:35.938Z INFO  - 3c6fd82648a9 Extracting 109MB / 193MB
2026-02-11T17:22:36.795Z INFO  - 3c6fd82648a9 Extracting 109MB / 193MB
2026-02-11T17:22:38.154Z INFO  - 3c6fd82648a9 Extracting 110MB / 193MB
2026-02-11T17:22:41.406Z INFO  - 3c6fd82648a9 Extracting 112MB / 193MB
2026-02-11T17:22:42.557Z INFO  - 3c6fd82648a9 Extracting 113MB / 193MB
2026-02-11T17:22:43.101Z INFO  - 3c6fd82648a9 Extracting 113MB / 193MB
2026-02-11T17:22:44.164Z INFO  - 3c6fd82648a9 Extracting 114MB / 193MB
2026-02-11T17:22:49.862Z INFO  - 3c6fd82648a9 Extracting 116MB / 193MB
2026-02-11T17:22:50.103Z INFO  - 3c6fd82648a9 Extracting 117MB / 193MB
2026-02-11T17:22:50.696Z INFO  - 3c6fd82648a9 Extracting 117MB / 193MB
2026-02-11T17:22:53.179Z INFO  - 3c6fd82648a9 Extracting 120MB / 193MB
2026-02-11T17:22:54.207Z INFO  - 3c6fd82648a9 Extracting 121MB / 193MB
2026-02-11T17:22:54.533Z INFO  - 3c6fd82648a9 Extracting 121MB / 193MB
2026-02-11T17:22:57.875Z INFO  - 3c6fd82648a9 Extracting 124MB / 193MB
2026-02-11T17:22:57.912Z INFO  - 3c6fd82648a9 Extracting 124MB / 193MB
2026-02-11T17:22:58.268Z INFO  - 3c6fd82648a9 Extracting 125MB / 193MB
2026-02-11T17:22:58.626Z INFO  - 3c6fd82648a9 Extracting 125MB / 193MB
2026-02-11T17:23:00.104Z INFO  - 3c6fd82648a9 Extracting 128MB / 193MB
2026-02-11T17:23:00.574Z INFO  - 3c6fd82648a9 Extracting 128MB / 193MB
2026-02-11T17:23:01.151Z INFO  - 3c6fd82648a9 Extracting 129MB / 193MB
2026-02-11T17:23:02.548Z INFO  - 3c6fd82648a9 Extracting 129MB / 193MB
2026-02-11T17:23:05.917Z INFO  - 3c6fd82648a9 Extracting 132MB / 193MB
2026-02-11T17:23:06.373Z INFO  - 3c6fd82648a9 Extracting 132MB / 193MB
2026-02-11T17:23:06.559Z INFO  - 3c6fd82648a9 Extracting 133MB / 193MB
2026-02-11T17:23:06.828Z INFO  - 3c6fd82648a9 Extracting 137MB / 193MB
2026-02-11T17:23:07.122Z INFO  - 3c6fd82648a9 Extracting 140MB / 193MB
2026-02-11T17:23:07.371Z INFO  - 3c6fd82648a9 Extracting 140MB / 193MB
2026-02-11T17:23:07.725Z INFO  - 3c6fd82648a9 Extracting 141MB / 193MB
2026-02-11T17:23:09.319Z INFO  - 3c6fd82648a9 Extracting 143MB / 193MB
2026-02-11T17:23:09.523Z INFO  - 3c6fd82648a9 Extracting 144MB / 193MB
2026-02-11T17:23:09.675Z INFO  - 3c6fd82648a9 Extracting 145MB / 193MB
2026-02-11T17:23:10.427Z INFO  - 3c6fd82648a9 Extracting 147MB / 193MB
2026-02-11T17:23:10.650Z INFO  - 3c6fd82648a9 Extracting 148MB / 193MB
2026-02-11T17:23:11.284Z INFO  - 3c6fd82648a9 Extracting 151MB / 193MB
2026-02-11T17:23:11.437Z INFO  - 3c6fd82648a9 Extracting 151MB / 193MB
2026-02-11T17:23:11.599Z INFO  - 3c6fd82648a9 Extracting 152MB / 193MB
2026-02-11T17:23:11.838Z INFO  - 3c6fd82648a9 Extracting 153MB / 193MB
2026-02-11T17:23:13.835Z INFO  - 3c6fd82648a9 Extracting 155MB / 193MB
2026-02-11T17:23:14.053Z INFO  - 3c6fd82648a9 Extracting 156MB / 193MB
2026-02-11T17:23:14.239Z INFO  - 3c6fd82648a9 Extracting 156MB / 193MB
2026-02-11T17:23:16.403Z INFO  - 3c6fd82648a9 Extracting 159MB / 193MB
2026-02-11T17:23:16.598Z INFO  - 3c6fd82648a9 Extracting 159MB / 193MB
2026-02-11T17:23:16.801Z INFO  - 3c6fd82648a9 Extracting 160MB / 193MB
2026-02-11T17:23:18.960Z INFO  - 3c6fd82648a9 Extracting 163MB / 193MB
2026-02-11T17:23:20.727Z INFO  - 3c6fd82648a9 Extracting 163MB / 193MB
2026-02-11T17:23:21.481Z INFO  - 3c6fd82648a9 Extracting 164MB / 193MB
2026-02-11T17:23:22.220Z INFO  - 3c6fd82648a9 Extracting 164MB / 193MB
2026-02-11T17:23:23.508Z INFO  - 3c6fd82648a9 Extracting 166MB / 193MB
2026-02-11T17:23:23.547Z INFO  - 3c6fd82648a9 Extracting 167MB / 193MB
2026-02-11T17:23:23.747Z INFO  - 3c6fd82648a9 Extracting 167MB / 193MB
2026-02-11T17:23:23.921Z INFO  - 3c6fd82648a9 Extracting 168MB / 193MB
2026-02-11T17:23:24.513Z INFO  - 3c6fd82648a9 Extracting 171MB / 193MB
2026-02-11T17:23:24.613Z INFO  - 3c6fd82648a9 Extracting 171MB / 193MB
2026-02-11T17:23:24.864Z INFO  - 3c6fd82648a9 Extracting 172MB / 193MB
2026-02-11T17:23:25.507Z INFO  - 3c6fd82648a9 Extracting 175MB / 193MB
2026-02-11T17:23:25.674Z INFO  - 3c6fd82648a9 Extracting 175MB / 193MB
2026-02-11T17:23:26.161Z INFO  - 3c6fd82648a9 Extracting 178MB / 193MB
2026-02-11T17:23:26.312Z INFO  - 3c6fd82648a9 Extracting 179MB / 193MB
2026-02-11T17:23:26.492Z INFO  - 3c6fd82648a9 Extracting 180MB / 193MB
2026-02-11T17:23:27.031Z INFO  - 3c6fd82648a9 Extracting 182MB / 193MB
2026-02-11T17:23:27.135Z INFO  - 3c6fd82648a9 Extracting 183MB / 193MB
2026-02-11T17:23:27.417Z INFO  - 3c6fd82648a9 Extracting 183MB / 193MB
2026-02-11T17:23:29.851Z INFO  - 3c6fd82648a9 Extracting 186MB / 193MB
2026-02-11T17:23:30.360Z INFO  - 3c6fd82648a9 Extracting 187MB / 193MB
2026-02-11T17:23:30.726Z INFO  - 3c6fd82648a9 Extracting 187MB / 193MB
2026-02-11T17:23:30.976Z INFO  - 3c6fd82648a9 Extracting 188MB / 193MB
2026-02-11T17:23:32.954Z INFO  - 3c6fd82648a9 Extracting 190MB / 193MB
2026-02-11T17:23:33.865Z INFO  - 3c6fd82648a9 Extracting 190MB / 193MB
2026-02-11T17:23:34.457Z INFO  - 3c6fd82648a9 Extracting 191MB / 193MB
2026-02-11T17:23:34.778Z INFO  - 3c6fd82648a9 Extracting 191MB / 193MB
2026-02-11T17:23:36.639Z INFO  - 3c6fd82648a9 Extracting 193MB / 193MB
2026-02-11T17:23:37.628Z INFO  - 3c6fd82648a9 Pull complete
2026-02-11T17:23:38.515Z INFO  - f7436306daf8 Extracting 544KB / 60MB
2026-02-11T17:23:39.568Z INFO  - f7436306daf8 Extracting 3MB / 60MB
2026-02-11T17:23:40.208Z INFO  - f7436306daf8 Extracting 8MB / 60MB
2026-02-11T17:23:40.398Z INFO  - f7436306daf8 Extracting 10MB / 60MB
2026-02-11T17:23:41.115Z INFO  - f7436306daf8 Extracting 11MB / 60MB
2026-02-11T17:23:41.374Z INFO  - f7436306daf8 Extracting 12MB / 60MB
2026-02-11T17:23:41.483Z INFO  - f7436306daf8 Extracting 13MB / 60MB
2026-02-11T17:23:41.756Z INFO  - f7436306daf8 Extracting 14MB / 60MB
2026-02-11T17:23:41.970Z INFO  - f7436306daf8 Extracting 15MB / 60MB
2026-02-11T17:23:43.707Z INFO  - f7436306daf8 Extracting 17MB / 60MB
2026-02-11T17:23:44.601Z INFO  - f7436306daf8 Extracting 18MB / 60MB
2026-02-11T17:23:45.115Z INFO  - f7436306daf8 Extracting 20MB / 60MB
2026-02-11T17:23:45.671Z INFO  - f7436306daf8 Extracting 23MB / 60MB
2026-02-11T17:23:47.253Z INFO  - f7436306daf8 Extracting 24MB / 60MB
2026-02-11T17:23:48.376Z INFO  - f7436306daf8 Extracting 29MB / 60MB
2026-02-11T17:23:48.752Z INFO  - f7436306daf8 Extracting 30MB / 60MB
2026-02-11T17:23:50.011Z INFO  - f7436306daf8 Extracting 31MB / 60MB
2026-02-11T17:23:50.585Z INFO  - f7436306daf8 Extracting 32MB / 60MB
2026-02-11T17:23:51.641Z INFO  - f7436306daf8 Extracting 34MB / 60MB
2026-02-11T17:23:52.131Z INFO  - f7436306daf8 Extracting 35MB / 60MB
2026-02-11T17:23:52.289Z INFO  - f7436306daf8 Extracting 36MB / 60MB
2026-02-11T17:23:52.442Z INFO  - f7436306daf8 Extracting 36MB / 60MB
2026-02-11T17:23:52.570Z INFO  - f7436306daf8 Extracting 37MB / 60MB
2026-02-11T17:23:53.564Z INFO  - f7436306daf8 Extracting 38MB / 60MB
2026-02-11T17:23:53.907Z INFO  - f7436306daf8 Extracting 39MB / 60MB
2026-02-11T17:23:54.290Z INFO  - f7436306daf8 Extracting 40MB / 60MB
2026-02-11T17:23:54.422Z INFO  - f7436306daf8 Extracting 41MB / 60MB
2026-02-11T17:23:55.667Z INFO  - f7436306daf8 Extracting 42MB / 60MB
2026-02-11T17:23:56.530Z INFO  - f7436306daf8 Extracting 43MB / 60MB
2026-02-11T17:23:56.958Z INFO  - f7436306daf8 Extracting 44MB / 60MB
2026-02-11T17:23:57.410Z INFO  - f7436306daf8 Extracting 48MB / 60MB
2026-02-11T17:23:57.746Z INFO  - f7436306daf8 Extracting 55MB / 60MB
2026-02-11T17:23:57.866Z INFO  - f7436306daf8 Extracting 58MB / 60MB
2026-02-11T17:23:58.306Z INFO  - f7436306daf8 Extracting 60MB / 60MB
2026-02-11T17:23:59.883Z INFO  - f7436306daf8 Pull complete
2026-02-11T17:23:59.924Z INFO  - 0af27227f67c Extracting 131B / 131B
2026-02-11T17:24:00.056Z INFO  - 0af27227f67c Extracting 131B / 131B
2026-02-11T17:24:00.295Z INFO  - 0af27227f67c Pull complete
2026-02-11T17:24:00.340Z INFO  - 291bf06076f7 Extracting 32KB / 213KB
2026-02-11T17:24:00.791Z INFO  - 291bf06076f7 Extracting 213KB / 213KB
2026-02-11T17:24:00.795Z INFO  - 291bf06076f7 Extracting 213KB / 213KB
2026-02-11T17:24:01.036Z INFO  - 291bf06076f7 Pull complete
2026-02-11T17:24:01.084Z INFO  - f67700692125 Extracting 2KB / 2KB
2026-02-11T17:24:01.136Z INFO  - f67700692125 Extracting 2KB / 2KB
2026-02-11T17:24:01.322Z INFO  - f67700692125 Pull complete
2026-02-11T17:24:01.542Z INFO  - f79c4ca4b6cc Extracting 64KB / 347KB
2026-02-11T17:24:01.607Z INFO  - f79c4ca4b6cc Extracting 347KB / 347KB
2026-02-11T17:24:01.646Z INFO  - f79c4ca4b6cc Extracting 347KB / 347KB
2026-02-11T17:24:02.722Z INFO  - f79c4ca4b6cc Pull complete
2026-02-11T17:24:02.770Z INFO  - 3722c1c74e62 Extracting 188B / 188B
2026-02-11T17:24:02.865Z INFO  - 3722c1c74e62 Extracting 188B / 188B
2026-02-11T17:24:03.163Z INFO  - 3722c1c74e62 Pull complete
2026-02-11T17:24:03.606Z INFO  - 71bdaa4ffb8a Extracting 2MB / 6MB
2026-02-11T17:24:03.680Z INFO  - 71bdaa4ffb8a Extracting 6MB / 6MB
2026-02-11T17:24:04.388Z INFO  - 71bdaa4ffb8a Pull complete
2026-02-11T17:24:04.815Z INFO  - da542cee6e98 Extracting 32KB / 761KB
2026-02-11T17:24:04.957Z INFO  - da542cee6e98 Extracting 64KB / 761KB
2026-02-11T17:24:05.025Z INFO  - da542cee6e98 Extracting 761KB / 761KB
2026-02-11T17:24:05.026Z INFO  - da542cee6e98 Extracting 761KB / 761KB
2026-02-11T17:24:05.236Z INFO  - da542cee6e98 Pull complete
2026-02-11T17:24:05.621Z INFO  - 4e2ecf3b5226 Extracting 576KB / 1020KB
2026-02-11T17:24:05.808Z INFO  - 4e2ecf3b5226 Extracting 960KB / 1020KB
2026-02-11T17:24:05.815Z INFO  - 4e2ecf3b5226 Extracting 1020KB / 1020KB
2026-02-11T17:24:05.820Z INFO  - 4e2ecf3b5226 Extracting 1020KB / 1020KB
2026-02-11T17:24:06.846Z INFO  - 4e2ecf3b5226 Pull complete
2026-02-11T17:24:08.160Z INFO  - 84ebb4173df8 Extracting 1MB / 22MB
2026-02-11T17:24:08.443Z INFO  - 84ebb4173df8 Extracting 3MB / 22MB
2026-02-11T17:24:08.650Z INFO  - 84ebb4173df8 Extracting 6MB / 22MB
2026-02-11T17:24:08.998Z INFO  - 84ebb4173df8 Extracting 9MB / 22MB
2026-02-11T17:24:09.137Z INFO  - 84ebb4173df8 Extracting 9MB / 22MB
2026-02-11T17:24:09.756Z INFO  - 84ebb4173df8 Extracting 12MB / 22MB
2026-02-11T17:24:10.150Z INFO  - 84ebb4173df8 Extracting 13MB / 22MB
2026-02-11T17:24:10.549Z INFO  - 84ebb4173df8 Extracting 14MB / 22MB
2026-02-11T17:24:10.716Z INFO  - 84ebb4173df8 Extracting 15MB / 22MB
2026-02-11T17:24:11.367Z INFO  - 84ebb4173df8 Extracting 17MB / 22MB
2026-02-11T17:24:11.733Z INFO  - 84ebb4173df8 Extracting 19MB / 22MB
2026-02-11T17:24:12.216Z INFO  - 84ebb4173df8 Extracting 20MB / 22MB
2026-02-11T17:24:12.452Z INFO  - 84ebb4173df8 Extracting 21MB / 22MB
2026-02-11T17:24:12.756Z INFO  - 84ebb4173df8 Extracting 22MB / 22MB
2026-02-11T17:24:14.147Z INFO  - 84ebb4173df8 Pull complete
2026-02-11T17:24:14.178Z INFO  - 44ae3f74e2fe Extracting 1KB / 1KB
2026-02-11T17:24:14.229Z INFO  - 44ae3f74e2fe Extracting 1KB / 1KB
2026-02-11T17:24:14.380Z INFO  - 44ae3f74e2fe Pull complete
2026-02-11T17:24:14.407Z INFO  - 194a6d0bfa51 Extracting 1KB / 1KB
2026-02-11T17:24:14.485Z INFO  - 194a6d0bfa51 Extracting 1KB / 1KB
2026-02-11T17:24:14.657Z INFO  - 194a6d0bfa51 Pull complete
2026-02-11T17:24:14.677Z INFO  - 4f4fb700ef54 Extracting 32B / 32B
2026-02-11T17:24:14.726Z INFO  - 4f4fb700ef54 Extracting 32B / 32B
2026-02-11T17:24:14.865Z INFO  - 4f4fb700ef54 Pull complete
2026-02-11T17:24:14.884Z INFO  - bfdc87311970 Extracting 3KB / 3KB
2026-02-11T17:24:14.933Z INFO  - bfdc87311970 Extracting 3KB / 3KB
2026-02-11T17:24:15.146Z INFO  - bfdc87311970 Pull complete
2026-02-11T17:24:15.366Z INFO  - d400aaf4cc44 Extracting 2MB / 22MB
2026-02-11T17:24:15.580Z INFO  - d400aaf4cc44 Extracting 5MB / 22MB
2026-02-11T17:24:15.686Z INFO  - d400aaf4cc44 Extracting 7MB / 22MB
2026-02-11T17:24:15.790Z INFO  - d400aaf4cc44 Extracting 8MB / 22MB
2026-02-11T17:24:15.997Z INFO  - d400aaf4cc44 Extracting 12MB / 22MB
2026-02-11T17:24:16.558Z INFO  - d400aaf4cc44 Extracting 17MB / 22MB
2026-02-11T17:24:16.770Z INFO  - d400aaf4cc44 Extracting 22MB / 22MB
2026-02-11T17:24:17.694Z INFO  - d400aaf4cc44 Pull complete
2026-02-11T17:24:17.727Z INFO  - 8ebbfed6fb44 Extracting 847B / 847B
2026-02-11T17:24:17.834Z INFO  - 8ebbfed6fb44 Extracting 847B / 847B
2026-02-11T17:24:17.952Z INFO  - 8ebbfed6fb44 Pull complete
2026-02-11T17:24:17.974Z INFO  - 394bf2f8883d Extracting 32KB / 42KB
2026-02-11T17:24:18.049Z INFO  - 394bf2f8883d Extracting 42KB / 42KB
2026-02-11T17:24:18.050Z INFO  - 394bf2f8883d Extracting 42KB / 42KB
2026-02-11T17:24:18.214Z INFO  - 394bf2f8883d Pull complete
2026-02-11T17:24:18.282Z INFO  - b36da0e916e2 Extracting 43KB / 43KB
2026-02-11T17:24:18.286Z INFO  - b36da0e916e2 Extracting 43KB / 43KB
2026-02-11T17:24:18.433Z INFO  - b36da0e916e2 Pull complete
2026-02-11T17:24:18.473Z INFO  - ca65aad4858a Extracting 1KB / 1KB
2026-02-11T17:24:18.518Z INFO  - ca65aad4858a Extracting 1KB / 1KB
2026-02-11T17:24:18.759Z INFO  - ca65aad4858a Pull complete
2026-02-11T17:24:18.789Z INFO  - 12086ac4e888 Extracting 1KB / 1KB
2026-02-11T17:24:18.873Z INFO  - 12086ac4e888 Extracting 1KB / 1KB
2026-02-11T17:24:19.097Z INFO  - 12086ac4e888 Pull complete
2026-02-11T17:24:19.153Z INFO  - 43cc945ef4b6 Extracting 767B / 767B
2026-02-11T17:24:19.197Z INFO  - 43cc945ef4b6 Extracting 767B / 767B
2026-02-11T17:24:19.642Z INFO  - 43cc945ef4b6 Pull complete
2026-02-11T17:24:19.679Z INFO  - c5c0b99442f8 Extracting 360B / 360B
2026-02-11T17:24:19.717Z INFO  - c5c0b99442f8 Extracting 360B / 360B
2026-02-11T17:24:19.894Z INFO  - c5c0b99442f8 Pull complete
2026-02-11T17:24:19.918Z INFO  - 56eba6764334 Extracting 964B / 964B
2026-02-11T17:24:20.019Z INFO  - 56eba6764334 Extracting 964B / 964B
2026-02-11T17:24:20.156Z INFO  - 56eba6764334 Pull complete
2026-02-11T17:24:20.191Z INFO  - 080c8964ee60 Extracting 1KB / 1KB
2026-02-11T17:24:20.291Z INFO  - 080c8964ee60 Extracting 1KB / 1KB
2026-02-11T17:24:21.000Z INFO  - 080c8964ee60 Pull complete
2026-02-11T17:24:21.026Z INFO  - d3348af14fdc Extracting 125B / 125B
2026-02-11T17:24:21.090Z INFO  - d3348af14fdc Extracting 125B / 125B
2026-02-11T17:24:21.224Z INFO  - d3348af14fdc Pull complete
2026-02-11T17:24:21.287Z INFO  - c505e436da9b Extracting 421B / 421B
2026-02-11T17:24:21.336Z INFO  - c505e436da9b Extracting 421B / 421B
2026-02-11T17:24:21.483Z INFO  - c505e436da9b Pull complete
2026-02-11T17:24:21.505Z INFO  - 0567c6094ddd Extracting 1KB / 1KB
2026-02-11T17:24:21.548Z INFO  - 0567c6094ddd Extracting 1KB / 1KB
2026-02-11T17:24:21.722Z INFO  - 0567c6094ddd Pull complete
2026-02-11T17:24:21.742Z INFO  - b61067cb0514 Extracting 1KB / 1KB
2026-02-11T17:24:21.800Z INFO  - b61067cb0514 Extracting 1KB / 1KB
2026-02-11T17:24:22.159Z INFO  - b61067cb0514 Pull complete
2026-02-11T17:24:22.179Z INFO  - a79bbcb25c76 Extracting 231B / 231B
2026-02-11T17:24:22.221Z INFO  - a79bbcb25c76 Extracting 231B / 231B
2026-02-11T17:24:22.447Z INFO  - a79bbcb25c76 Pull complete
2026-02-11T17:24:22.476Z INFO  - 8bef8cec6ff5 Extracting 400B / 400B
2026-02-11T17:24:22.533Z INFO  - 8bef8cec6ff5 Extracting 400B / 400B
2026-02-11T17:24:22.741Z INFO  - 8bef8cec6ff5 Pull complete
2026-02-11T17:24:22.763Z INFO  - eb3a49eac22f Extracting 399B / 399B
2026-02-11T17:24:22.809Z INFO  - eb3a49eac22f Extracting 399B / 399B
2026-02-11T17:24:23.038Z INFO  - eb3a49eac22f Pull complete
2026-02-11T17:24:23.070Z INFO  - 9f64542c6d4f Extracting 273B / 273B
2026-02-11T17:24:23.124Z INFO  - 9f64542c6d4f Extracting 273B / 273B
2026-02-11T17:24:23.317Z INFO  - 9f64542c6d4f Pull complete
2026-02-11T17:24:23.341Z INFO  - 16c11afca3a1 Extracting 270B / 270B
2026-02-11T17:24:23.397Z INFO  - 16c11afca3a1 Extracting 270B / 270B
2026-02-11T17:24:23.575Z INFO  - 16c11afca3a1 Pull complete
2026-02-11T17:24:24.197Z INFO  - 2e2af73b10ed Extracting 133B / 133B
2026-02-11T17:24:24.197Z INFO  - 2e2af73b10ed Extracting 133B / 133B
2026-02-11T17:24:24.197Z INFO  - 2e2af73b10ed Pull complete
2026-02-11T17:24:24.197Z INFO  -  Digest: sha256:f7dc7aa3a22b64d3e544fb5a59853f4636f1e4631261c4c2c32f8e4840974a0c
2026-02-11T17:24:24.197Z INFO  -  Status: Downloaded newer image for 10.1.0.4:13209/appsvc/dotnetcore:8.0_20260115.4.tuxprod
2026-02-11T17:24:24.390Z INFO  - Pull Image successful, Time taken: 309 Seconds
2026-02-11T17:24:27.973Z INFO  - Starting container for site
2026-02-11T17:24:27.976Z INFO  - docker run -d --expose=8080 --name cpuspiker-central-test_0_13adee24 -e WEBSITE_USE_DIAGNOSTIC_SERVER=true -e WEBSITE_SITE_NAME=cpuspiker-central-test -e WEBSITE_AUTH_ENABLED=False -e WEBSITE_ROLE_INSTANCE_ID=0 -e WEBSITE_HOSTNAME=cpuspiker-central-test.azurewebsites.net -e WEBSITE_INSTANCE_ID=c21931057f7032b90fc13a9a64998792e2c84a2242dc975345122b506def5c0b appsvc/dotnetcore:8.0_20260115.4.tuxprod 
2026-02-11T17:24:27.977Z INFO  - Logging is not enabled for this container.
Please use https://aka.ms/linux-diagnostics to enable logging to see container logs here.
2026-02-11T17:24:31.881Z INFO  - Initiating warmup request to container cpuspiker-central-test_0_13adee24 for site cpuspiker-central-test
2026-02-11T17:24:49.361Z INFO  - Waiting for response to warmup request for container cpuspiker-central-test_0_13adee24. Elapsed time = 17.4826647 sec
2026-02-11T17:24:52.539Z ERROR - Container cpuspiker-central-test_0_13adee24 for site cpuspiker-central-test has exited, failing site start
2026-02-11T17:24:52.630Z ERROR - Container cpuspiker-central-test_0_13adee24 didn't respond to HTTP pings on port: 8080. Failing site start. See container logs for debugging.
2026-02-11T17:24:52.745Z INFO  - Stopping site cpuspiker-central-test because it failed during startup.
2026-02-11T17:25:08.4615119Z Container start method called.
2026-02-11T17:25:08.4665536Z Establishing network.
2026-02-11T17:25:08.4713876Z Pulling image: appsvc/dotnetcore:8.0_20260115.4.tuxprod.
2026-02-11T17:25:59.7954194Z Image appsvc/dotnetcore:8.0_20260115.4.tuxprod is pulled from registry 10.1.0.4:13209
2026-02-11T17:25:59.8010268Z Container is starting.
2026-02-11T17:25:59.8064129Z Establishing user namespace if not established already.
2026-02-11T17:25:59.8100162Z Establishing network if not established already.
2026-02-11T17:25:59.8104714Z Mounting volumes.
2026-02-11T17:25:59.8461384Z Nested mountpoint 
2026-02-11T17:26:00.1656717Z Nested mountpoint volatile/logs
2026-02-11T17:26:01.4532879Z Nested mountpoint 
2026-02-11T17:26:01.4672278Z Nested mountpoint 
2026-02-11T17:26:01.4703778Z Nested mountpoint 
2026-02-11T17:26:02.4778310Z Creating container.
2026-02-11T17:26:02.4781251Z Creating pipes for streaming container io.
2026-02-11T17:26:02.4855584Z Creating stdout named pipe at /podr/container/pipe/38dd3ca0fa60_cpuspiker-central-test/stdout_418ab229f6fd42cfb124b7f149069e77.
2026-02-11T17:26:02.4915655Z Successfully created stdout named pipe at: /podr/container/pipe/38dd3ca0fa60_cpuspiker-central-test/stdout_418ab229f6fd42cfb124b7f149069e77.
2026-02-11T17:26:02.4931849Z Opening named pipe /podr/container/pipe/38dd3ca0fa60_cpuspiker-central-test/stdout_418ab229f6fd42cfb124b7f149069e77 for reading in non-blocking mode.
2026-02-11T17:26:02.4935843Z Successfully opened named pipe: /podr/container/pipe/38dd3ca0fa60_cpuspiker-central-test/stdout_418ab229f6fd42cfb124b7f149069e77.
2026-02-11T17:26:02.4937140Z Successfully removed non-blocking flag from /podr/container/pipe/38dd3ca0fa60_cpuspiker-central-test/stdout_418ab229f6fd42cfb124b7f149069e77.
2026-02-11T17:26:02.4938585Z Creating stderr named pipe at /podr/container/pipe/38dd3ca0fa60_cpuspiker-central-test/stderr_45e45237b07544a995a8673a4757683b.
2026-02-11T17:26:02.4940475Z Successfully created stderr named pipe at: /podr/container/pipe/38dd3ca0fa60_cpuspiker-central-test/stderr_45e45237b07544a995a8673a4757683b.
2026-02-11T17:26:02.4943069Z Opening named pipe /podr/container/pipe/38dd3ca0fa60_cpuspiker-central-test/stderr_45e45237b07544a995a8673a4757683b for reading in non-blocking mode.
2026-02-11T17:26:02.4945439Z Successfully opened named pipe: /podr/container/pipe/38dd3ca0fa60_cpuspiker-central-test/stderr_45e45237b07544a995a8673a4757683b.
2026-02-11T17:26:02.4949342Z Successfully removed non-blocking flag from /podr/container/pipe/38dd3ca0fa60_cpuspiker-central-test/stderr_45e45237b07544a995a8673a4757683b.
2026-02-11T17:26:02.4950853Z Creating container with image: appsvc/dotnetcore:8.0_20260115.4.tuxprod from registry: 10.1.0.4:13209 and fully qualified image name: 10.1.0.4:13209/appsvc/dotnetcore:8.0_20260115.4.tuxprod
2026-02-11T17:26:04.4260589Z Starting container: 38dd3ca0fa60_cpuspiker-central-test.
2026-02-11T17:26:04.4956542Z Starting watchers and probes.
2026-02-11T17:26:04.5029399Z Starting metrics collection.
2026-02-11T17:26:04.5032066Z Container is running.
2026-02-11T17:26:05.0631812Z Container start method finished after 56598 ms.
2026-02-11T17:26:31.2862368Z Container has finished running with exit code: 150.
2026-02-11T17:26:31.2865853Z Container is terminating. Grace period: 5 seconds.
2026-02-11T17:26:31.2881092Z Stop and delete container. Retry count = 0
2026-02-11T17:26:31.2882469Z Stopping container: 38dd3ca0fa60_cpuspiker-central-test.
2026-02-11T17:26:31.3599318Z Deleting container: 38dd3ca0fa60_cpuspiker-central-test. Retry count = 0
2026-02-11T17:26:31.6304685Z Container spec TerminationMessagePolicy  path 
2026-02-11T17:26:31.6310027Z Container is terminated. Total time elapsed: 342 ms.
2026-02-11T17:26:31.6311970Z Site container: cpuspiker-central-test terminated during site startup.
2026-02-11T17:26:31.6341108Z Site startup probe failed after 25.9120678 seconds.
2026-02-11T17:26:31.7029029Z Failed to start site. Revert by stopping site.
2026-02-11T17:26:31.7061117Z Site: cpuspiker-central-test stopped.
2026-02-11T17:26:33.684Z INFO  - Starting container for site
2026-02-11T17:26:33.699Z INFO  - docker run -d --expose=8080 --name cpuspiker-central-test_0_4eb34df8 -e WEBSITE_USE_DIAGNOSTIC_SERVER=true -e WEBSITE_SITE_NAME=cpuspiker-central-test -e WEBSITE_AUTH_ENABLED=False -e WEBSITE_ROLE_INSTANCE_ID=0 -e WEBSITE_HOSTNAME=cpuspiker-central-test.azurewebsites.net -e WEBSITE_INSTANCE_ID=c21931057f7032b90fc13a9a64998792e2c84a2242dc975345122b506def5c0b appsvc/dotnetcore:8.0_20260115.4.tuxprod 
2026-02-11T17:26:33.701Z INFO  - Logging is not enabled for this container.
Please use https://aka.ms/linux-diagnostics to enable logging to see container logs here.
2026-02-11T17:26:37.225Z INFO  - Initiating warmup request to container cpuspiker-central-test_0_4eb34df8 for site cpuspiker-central-test
2026-02-11T17:26:53.364Z INFO  - Waiting for response to warmup request for container cpuspiker-central-test_0_4eb34df8. Elapsed time = 16.1407411 sec
2026-02-11T17:26:53.580Z ERROR - Container cpuspiker-central-test_0_4eb34df8 for site cpuspiker-central-test has exited, failing site start
2026-02-11T17:26:53.601Z ERROR - Container cpuspiker-central-test_0_4eb34df8 didn't respond to HTTP pings on port: 8080. Failing site start. See container logs for debugging.
2026-02-11T17:26:53.620Z INFO  - Stopping site cpuspiker-central-test because it failed during startup.
2026-02-11T17:27:04.137Z INFO  - Starting container for site
2026-02-11T17:27:04.140Z INFO  - docker run -d --expose=8080 --name cpuspiker-central-test_0_617ca5da -e WEBSITE_USE_DIAGNOSTIC_SERVER=true -e WEBSITE_SITE_NAME=cpuspiker-central-test -e WEBSITE_AUTH_ENABLED=False -e WEBSITE_ROLE_INSTANCE_ID=0 -e WEBSITE_HOSTNAME=cpuspiker-central-test.azurewebsites.net -e WEBSITE_INSTANCE_ID=c21931057f7032b90fc13a9a64998792e2c84a2242dc975345122b506def5c0b appsvc/dotnetcore:8.0_20260115.4.tuxprod 
2026-02-11T17:27:04.143Z INFO  - Logging is not enabled for this container.
Please use https://aka.ms/linux-diagnostics to enable logging to see container logs here.
2026-02-11T17:27:07.758Z INFO  - Initiating warmup request to container cpuspiker-central-test_0_617ca5da for site cpuspiker-central-test
2026-02-11T17:27:26.355Z INFO  - Waiting for response to warmup request for container cpuspiker-central-test_0_617ca5da. Elapsed time = 18.5965883 sec
2026-02-11T17:27:47.030Z INFO  - Waiting for response to warmup request for container cpuspiker-central-test_0_617ca5da. Elapsed time = 39.2719214 sec
2026-02-11T17:28:06.344Z INFO  - Waiting for response to warmup request for container cpuspiker-central-test_0_617ca5da. Elapsed time = 58.5856218 sec
2026-02-11T17:28:07.469Z ERROR - Container cpuspiker-central-test_0_617ca5da for site cpuspiker-central-test has exited, failing site start
2026-02-11T17:28:07.493Z ERROR - Container cpuspiker-central-test_0_617ca5da didn't respond to HTTP pings on port: 8080. Failing site start. See container logs for debugging.
2026-02-11T17:28:07.523Z INFO  - Stopping site cpuspiker-central-test because it failed during startup.
2026-02-11T17:28:21.639Z INFO  - Starting container for site
2026-02-11T17:28:21.644Z INFO  - docker run -d --expose=8080 --name cpuspiker-central-test_0_8ee90873 -e WEBSITE_USE_DIAGNOSTIC_SERVER=true -e WEBSITE_SITE_NAME=cpuspiker-central-test -e WEBSITE_AUTH_ENABLED=False -e WEBSITE_ROLE_INSTANCE_ID=0 -e WEBSITE_HOSTNAME=cpuspiker-central-test.azurewebsites.net -e WEBSITE_INSTANCE_ID=c21931057f7032b90fc13a9a64998792e2c84a2242dc975345122b506def5c0b appsvc/dotnetcore:8.0_20260115.4.tuxprod 
2026-02-11T17:28:21.654Z INFO  - Logging is not enabled for this container.
Please use https://aka.ms/linux-diagnostics to enable logging to see container logs here.
2026-02-11T17:28:34.649Z INFO  - Initiating warmup request to container cpuspiker-central-test_0_8ee90873 for site cpuspiker-central-test
2026-02-11T17:28:44.797Z ERROR - Container cpuspiker-central-test_0_8ee90873 for site cpuspiker-central-test has exited, failing site start
2026-02-11T17:28:44.825Z ERROR - Container cpuspiker-central-test_0_8ee90873 didn't respond to HTTP pings on port: 8080. Failing site start. See container logs for debugging.
2026-02-11T17:28:44.853Z INFO  - Stopping site cpuspiker-central-test because it failed during startup.
2026-02-11T17:36:32.199Z INFO  - Starting container for site
2026-02-11T17:36:32.204Z INFO  - docker run -d --expose=8080 --name cpuspiker-central-test_0_1f1824ab -e WEBSITE_USE_DIAGNOSTIC_SERVER=true -e WEBSITE_SITE_NAME=cpuspiker-central-test -e WEBSITE_AUTH_ENABLED=False -e WEBSITE_ROLE_INSTANCE_ID=0 -e WEBSITE_HOSTNAME=cpuspiker-central-test.azurewebsites.net -e WEBSITE_INSTANCE_ID=c21931057f7032b90fc13a9a64998792e2c84a2242dc975345122b506def5c0b appsvc/dotnetcore:8.0_20260115.4.tuxprod 
2026-02-11T17:36:32.205Z INFO  - Logging is not enabled for this container.
Please use https://aka.ms/linux-diagnostics to enable logging to see container logs here.
2026-02-11T17:36:37.567Z INFO  - Initiating warmup request to container cpuspiker-central-test_0_1f1824ab for site cpuspiker-central-test
2026-02-11T17:36:54.747Z INFO  - Waiting for response to warmup request for container cpuspiker-central-test_0_1f1824ab. Elapsed time = 17.1213594 sec
2026-02-11T17:36:57.127Z ERROR - Container cpuspiker-central-test_0_1f1824ab for site cpuspiker-central-test has exited, failing site start
2026-02-11T17:36:57.158Z ERROR - Container cpuspiker-central-test_0_1f1824ab didn't respond to HTTP pings on port: 8080. Failing site start. See container logs for debugging.
2026-02-11T17:36:57.182Z INFO  - Stopping site cpuspiker-central-test because it failed during startup.
2026-02-11T17:53:12.384Z INFO  - Starting container for site
2026-02-11T17:53:12.388Z INFO  - docker run -d --expose=8080 --name cpuspiker-central-test_0_9cf2bd0b -e WEBSITE_USE_DIAGNOSTIC_SERVER=true -e WEBSITE_SITE_NAME=cpuspiker-central-test -e WEBSITE_AUTH_ENABLED=False -e WEBSITE_ROLE_INSTANCE_ID=0 -e WEBSITE_HOSTNAME=cpuspiker-central-test.azurewebsites.net -e WEBSITE_INSTANCE_ID=c21931057f7032b90fc13a9a64998792e2c84a2242dc975345122b506def5c0b appsvc/dotnetcore:8.0_20260115.4.tuxprod 
2026-02-11T17:53:12.391Z INFO  - Logging is not enabled for this container.
Please use https://aka.ms/linux-diagnostics to enable logging to see container logs here.
2026-02-11T17:53:25.800Z INFO  - Initiating warmup request to container cpuspiker-central-test_0_9cf2bd0b for site cpuspiker-central-test
2026-02-11T17:53:44.197Z INFO  - Waiting for response to warmup request for container cpuspiker-central-test_0_9cf2bd0b. Elapsed time = 18.397225 sec
2026-02-11T17:53:50.474Z ERROR - Container cpuspiker-central-test_0_9cf2bd0b for site cpuspiker-central-test has exited, failing site start
2026-02-11T17:53:51.449Z ERROR - Container cpuspiker-central-test_0_9cf2bd0b didn't respond to HTTP pings on port: 8080. Failing site start. See container logs for debugging.
2026-02-11T17:53:51.466Z INFO  - Stopping site cpuspiker-central-test because it failed during startup.
2026-02-11T17:58:51.333Z INFO  - Starting container for site
2026-02-11T17:58:51.335Z INFO  - docker run -d --expose=8080 --name cpuspiker-central-test_0_c99368fc -e WEBSITE_USE_DIAGNOSTIC_SERVER=true -e WEBSITES_PORT=8080 -e WEBSITE_SITE_NAME=cpuspiker-central-test -e WEBSITE_AUTH_ENABLED=False -e WEBSITE_ROLE_INSTANCE_ID=0 -e WEBSITE_HOSTNAME=cpuspiker-central-test.azurewebsites.net -e WEBSITE_INSTANCE_ID=c21931057f7032b90fc13a9a64998792e2c84a2242dc975345122b506def5c0b appsvc/dotnetcore:8.0_20260115.4.tuxprod 
2026-02-11T17:58:51.336Z INFO  - Logging is not enabled for this container.
Please use https://aka.ms/linux-diagnostics to enable logging to see container logs here.
2026-02-11T17:58:53.340Z INFO  - Initiating warmup request to container cpuspiker-central-test_0_c99368fc for site cpuspiker-central-test
2026-02-11T17:59:06.623Z ERROR - Container cpuspiker-central-test_0_c99368fc for site cpuspiker-central-test has exited, failing site start
2026-02-11T17:59:06.633Z ERROR - Container cpuspiker-central-test_0_c99368fc didn't respond to HTTP pings on port: 8080. Failing site start. See container logs for debugging.
2026-02-11T17:59:06.659Z INFO  - Stopping site cpuspiker-central-test because it failed during startup.
